<?xml version="1.0" encoding="utf-8"?><testsuites name="pytest tests"><testsuite name="pytest" errors="0" failures="0" skipped="0" tests="21" time="2.547" timestamp="2026-04-19T13:27:06.358226+00:00" hostname="agent-env-fd12b7be-073c-4429-aa77-8c3abe49edeb"><testcase classname="backend.tests.test_clinicpulse.TestAuth" name="test_me_with_bearer" time="0.339" /><testcase classname="backend.tests.test_clinicpulse.TestAuth" name="test_me_missing_token" time="0.114" /><testcase classname="backend.tests.test_clinicpulse.TestAuth" name="test_me_invalid_token" time="0.138" /><testcase classname="backend.tests.test_clinicpulse.TestAuth" name="test_session_missing_id" time="0.051" /><testcase classname="backend.tests.test_clinicpulse.TestAuth" name="test_session_invalid_id" time="0.157" /><testcase classname="backend.tests.test_clinicpulse.TestPatients" name="test_create_invalid_phone" time="0.058" /><testcase classname="backend.tests.test_clinicpulse.TestPatients" name="test_create_once_requires_date" time="0.062" /><testcase classname="backend.tests.test_clinicpulse.TestPatients" name="test_create_invalid_time" time="0.056" /><testcase classname="backend.tests.test_clinicpulse.TestPatients" name="test_create_multiple_frequency" time="0.121" /><testcase classname="backend.tests.test_clinicpulse.TestPatients" name="test_list_patients" time="0.117" /><testcase classname="backend.tests.test_clinicpulse.TestPatients" name="test_list_requires_auth" time="0.121" /><testcase classname="backend.tests.test_clinicpulse.TestPatients" name="test_get_patient" time="0.064" /><testcase classname="backend.tests.test_clinicpulse.TestPatients" name="test_get_patient_not_found" time="0.057" /><testcase classname="backend.tests.test_clinicpulse.TestPatients" name="test_update_patient_and_persist" time="0.106" /><testcase classname="backend.tests.test_clinicpulse.TestPatients" name="test_update_invalid_phone" time="0.071" /><testcase classname="backend.tests.test_clinicpulse.TestPatients" name="test_delete_and_verify" time="0.163" /><testcase classname="backend.tests.test_clinicpulse.TestReminders" name="test_upcoming" time="0.055" /><testcase classname="backend.tests.test_clinicpulse.TestReminders" name="test_test_send" time="0.393" /><testcase classname="backend.tests.test_clinicpulse.TestReminders" name="test_test_send_unknown_patient" time="0.053" /><testcase classname="backend.tests.test_clinicpulse.TestReminders" name="test_logs" time="0.052" /><testcase classname="backend.tests.test_clinicpulse.TestStats" name="test_stats_shape" time="0.106" /></testsuite></testsuites>